SubApp/build/app/outputs/mapping/release/seeds.txt
com.example.helloworld.MainActivity
com.example.helloworld.MainActivity: MainActivity()
...
androidx.window.core.Version: androidx.window.core.Version access$getUNKNOWN$cp()
com.google.android.gms.internal.mlkit_vision_internal_vkp.zzbef: java.lang.Object zzg
com.google.firebase.firestore.proto.MaybeDocument: com.google.protobuf.Parser PARSER
com.google.android.gms.internal.mlkit_vision_internal_vkp.zzbdk: int zzv
com.google.android.gms.internal.mlkit_vision_internal_vkp.zznk: int zzg
com.google.android.libraries.vision.visionkit.pipeline.zzdu: com.google.android.gms.internal.mlkit_vision_internal_vkp.zzff zzac
com.google.android.gms.internal.mlkit_vision_internal_vkp.zzawt: com.google.android.gms.internal.mlkit_vision_internal_vkp.zzawf zzj
com.google.android.gms.internal.mlkit_vision_internal_vkp.zzbfy: java.lang.String zze
com.google.android.gms.internal.mlkit_vision_internal_vkp.zzur: com.google.android.gms.internal.mlkit_vision_internal_vkp.zzrl zzg
com.google.android.gms.internal.mlkit_vision_internal_vkp.zzaup
com.google.android.gms.internal.mlkit_vision_internal_vkp.zzali
com.google.android.gms.internal.mlkit_vision_internal_vkp.zzawy: int zzf
com.google.android.gms.internal.mlkit_vision_internal_vkp.zzben: byte zzp
com.google.firebase.firestore.proto.Target
com.google.android.gms.internal.mlkit_vision_internal_vkp.zzanw: com.google.android.gms.internal.mlkit_vision_internal_vkp.zzaqt zzf
com.google.firestore.bundle.BundledQuery: int STRUCTURED_QUERY_FIELD_NUMBER
com.google.android.gms.internal.mlkit_vision_internal_vkp.zzbez: int zze
com.google.android.gms.internal.mlkit_vision_internal_vkp.zzawf: int zzf
kotlinx.coroutines.scheduling.WorkQueue: int consumerIndex
com.google.firestore.admin.v1.Index: int FIELDS_FIELD_NUMBER
com.google.firestore.v1.DocumentTransform$FieldTransform: int REMOVE_ALL_FROM_ARRAY_FIELD_NUMBER
com.google.android.gms.internal.mlkit_vision_internal_vkp.zzve: com.google.android.gms.internal.mlkit_vision_internal_vkp.zzve zzb
com.google.android.libraries.vision.visionkit.pipeline.zzen: int zze
androidx.window.layout.SidecarCompat$DistinctSidecarElementCallback: java.util.concurrent.locks.ReentrantLock lock
com.google.android.gms.internal.mlkit_vision_internal_vkp.zzaxa: com.google.android.gms.internal.mlkit_vision_internal_vkp.zzaxa zzb
com.google.android.gms.internal.mlkit_vision_internal_vkp.zzgb: com.google.android.gms.internal.mlkit_vision_internal_vkp.zzgb zzb
androidx.window.embedding.EmbeddingAdapter: java.util.Set translate(java.util.Set)
androidx.window.layout.SidecarWindowBackend$Companion
com.google.android.gms.internal.mlkit_vision_internal_vkp.zzayv: int zzg
com.google.android.gms.internal.firebase-auth-api.zzri: android.os.Parcelable$Creator CREATOR
com.google.android.gms.internal.mlkit_vision_internal_vkp.zzrp
com.google.android.gms.internal.firebase-auth-api.zzzp: android.os.Parcelable$Creator CREATOR
androidx.window.layout.FoldingFeature$State: androidx.window.layout.FoldingFeature$State$Companion Companion
com.google.android.gms.internal.mlkit_vision_internal_vkp.zzbd: boolean zzC
com.google.android.gms.internal.mlkit_vision_internal_vkp.zzaux: boolean zzf
io.flutter.view.AccessibilityViewEmbedder: boolean onAccessibilityHoverEvent(int,android.view.MotionEvent)
com.google.android.gms.internal.mlkit_vision_internal_vkp.zzbiy: com.google.android.gms.internal.mlkit_vision_internal_vkp.zzbiy zzb
androidx.window.embedding.SplitRule: boolean equals(java.lang.Object)
com.google.android.gms.internal.mlkit_vision_internal_vkp.zzvt
com.google.android.gms.internal.mlkit_vision_internal_vkp.zzjr: int zzy
io.flutter.embedding.android.FlutterSplashView$SavedState: java.lang.String previousCompletedSplashIsolate
com.google.android.gms.internal.mlkit_vision_internal_vkp.zzbbg
com.google.firestore.v1.Target$DocumentsTarget: com.google.protobuf.Parser PARSER
com.google.android.gms.internal.mlkit_vision_internal_vkp.zzamx: com.google.android.gms.internal.mlkit_vision_internal_vkp.zzamx zzb