SubApp/build/app/outputs/mapping/release/mapping.txt
# compiler: R8
# compiler_version: 2.1.62
# min_api: 21
# pg_map_id: 2e4590c
# common_typos_disable
...
com.google.android.gms.internal.firebase-auth-api.zzwx -> g.b.a.b.d.d.zr:
    com.google.android.gms.internal.firebase-auth-api.zzsg zza -> v
    void zzc(com.google.android.gms.tasks.TaskCompletionSource,com.google.android.gms.internal.firebase-auth-api.zzxb) -> a
    void zzb() -> b
com.google.android.gms.internal.firebase-auth-api.zzwy -> g.b.a.b.d.d.as:
    com.google.android.gms.tasks.Task zzl(com.google.firebase.FirebaseApp,com.google.firebase.auth.FirebaseUser,com.google.firebase.auth.AuthCredential,java.lang.String,com.google.firebase.auth.internal.zzbk) -> A
    com.google.android.gms.tasks.Task zzn(com.google.firebase.FirebaseApp,com.google.firebase.auth.FirebaseUser,com.google.firebase.auth.EmailAuthCredential,com.google.firebase.auth.internal.zzbk) -> B
    com.google.android.gms.tasks.Task zzp(com.google.firebase.FirebaseApp,com.google.firebase.auth.FirebaseUser,java.lang.String,java.lang.String,java.lang.String,com.google.firebase.auth.internal.zzbk) -> C
    com.google.android.gms.tasks.Task zzr(com.google.firebase.FirebaseApp,com.google.firebase.auth.FirebaseUser,com.google.firebase.auth.PhoneAuthCredential,java.lang.String,com.google.firebase.auth.internal.zzbk) -> D
    com.google.android.gms.tasks.Task zzs(com.google.firebase.FirebaseApp,com.google.firebase.auth.FirebaseUser,com.google.firebase.auth.internal.zzbk) -> E
    com.google.android.gms.tasks.Task zzt(com.google.firebase.FirebaseApp,com.google.firebase.auth.ActionCodeSettings,java.lang.String) -> F
    com.google.android.gms.tasks.Task zzu(com.google.firebase.FirebaseApp,java.lang.String,com.google.firebase.auth.ActionCodeSettings,java.lang.String) -> G
com.google.android.gms.internal.firebase-auth-api.zzwz -> g.b.a.b.d.d.bs:
    void zzf(com.google.android.gms.internal.firebase-auth-api.zztm) -> a
    void zzd() -> b
    void zza(java.lang.String) -> c
    void zzb(java.lang.String) -> d
    void zzl(java.lang.String) -> e
    void zzk() -> f
    void zzc(com.google.android.gms.internal.firebase-auth-api.zzzd) -> g
    void zzg(com.google.android.gms.common.api.Status,com.google.firebase.auth.PhoneAuthCredential) -> h
    void zzj(com.google.android.gms.internal.firebase-auth-api.zzaaj) -> i
    void zzo(com.google.firebase.auth.PhoneAuthCredential) -> j
    void zzi(com.google.android.gms.internal.firebase-auth-api.zzzy,com.google.android.gms.internal.firebase-auth-api.zzzr) -> k
    void zzh(com.google.android.gms.common.api.Status) -> l
    void zze(com.google.android.gms.internal.firebase-auth-api.zztk) -> m
    void zzn(com.google.android.gms.internal.firebase-auth-api.zzzy) -> n
com.google.android.gms.internal.firebase-auth-api.zzx -> g.b.a.b.d.d.cs:
    com.google.android.gms.internal.firebase-auth-api.zzq zza(java.lang.String) -> a
    java.lang.String zzb(java.lang.String) -> b
    boolean zzc(java.lang.String) -> c
com.google.android.gms.internal.firebase-auth-api.zzxa -> g.b.a.b.d.d.ds:
    com.google.android.gms.common.logging.Logger zzb -> b
    com.google.android.gms.internal.firebase-auth-api.zzwz zza -> a
    void zza(java.lang.String) -> a
    void zzb(java.lang.String) -> b
    void zzc(com.google.android.gms.internal.firebase-auth-api.zzzd) -> c
    void zzd() -> d
    void zze(com.google.android.gms.internal.firebase-auth-api.zztk) -> e
    void zzf(com.google.android.gms.internal.firebase-auth-api.zztm) -> f
    void zzg(com.google.android.gms.common.api.Status,com.google.firebase.auth.PhoneAuthCredential) -> g
    void zzh(com.google.android.gms.common.api.Status) -> h
    void zzi(com.google.android.gms.internal.firebase-auth-api.zzzy,com.google.android.gms.internal.firebase-auth-api.zzzr) -> i
    void zzj(com.google.android.gms.internal.firebase-auth-api.zzaaj) -> j
    void zzk() -> k
    void zzl(java.lang.String) -> l
    void zzn(com.google.android.gms.internal.firebase-auth-api.zzzy) -> m
    void zzo(com.google.firebase.auth.PhoneAuthCredential) -> n