SubApp/build/app/outputs/mapping/release/usage.txt
com.example.helloworld.R$style
com.example.helloworld.R$attr
com.example.helloworld.R$integer
com.example.helloworld.R$raw
com.example.helloworld.R
com.example.helloworld.R$string
com.example.helloworld.R$layout
com.example.helloworld.R$mipmap
com.example.helloworld.R$color
com.example.helloworld.R$dimen
com.example.helloworld.BuildConfig
com.example.helloworld.R$id
com.example.helloworld.R$xml
com.example.helloworld.R$drawable
com.example.helloworld.R$styleable
...
com.google.common.collect.DenseImmutableTable$ImmutableArrayMap
io.grpc.inprocess.InProcessServerBuilder
androidx.browser.trusted.PackageIdentityUtils$Pre28Implementation
androidx.fragment.app.FragmentController:
    public androidx.loader.app.LoaderManager getSupportLoaderManager()
    public int getActiveFragmentsCount()
    public java.util.List getActiveFragments(java.util.List)
    public void restoreAllState(android.os.Parcelable,java.util.List)
    public void restoreAllState(android.os.Parcelable,androidx.fragment.app.FragmentManagerNonConfig)
    public java.util.List retainNonConfig()
    public androidx.fragment.app.FragmentManagerNonConfig retainNestedNonConfig()
    public void dispatchReallyStop()
    public void dispatchDestroyView()
    public void doLoaderStart()
    public void doLoaderStop(boolean)
    public void doLoaderRetain()
    public void doLoaderDestroy()
    public void reportLoaderStart()
    public androidx.collection.SimpleArrayMap retainLoaderNonConfig()
    public void restoreLoaderNonConfig(androidx.collection.SimpleArrayMap)
    public void dumpLoaders(java.lang.String,java.io.FileDescriptor,java.io.PrintWriter,java.lang.String[])
com.boskokg.flutter_blue_plus.Protos$ScanResult:
    private void mergeDevice(com.boskokg.flutter_blue_plus.Protos$BluetoothDevice)
    private void clearDevice()
    private void mergeAdvertisementData(com.boskokg.flutter_blue_plus.Protos$AdvertisementData)
    private void clearAdvertisementData()
    private void clearRssi()
    public static com.boskokg.flutter_blue_plus.Protos$ScanResult parseFrom(java.nio.ByteBuffer)
    public static com.boskokg.flutter_blue_plus.Protos$ScanResult parseFrom(java.nio.ByteBuffer,com.google.protobuf.ExtensionRegistryLite)
    public static com.boskokg.flutter_blue_plus.Protos$ScanResult parseFrom(com.google.protobuf.ByteString)
    public static com.boskokg.flutter_blue_plus.Protos$ScanResult parseFrom(com.google.protobuf.ByteString,com.google.protobuf.ExtensionRegistryLite)
    public static com.boskokg.flutter_blue_plus.Protos$ScanResult parseFrom(byte[])
    public static com.boskokg.flutter_blue_plus.Protos$ScanResult parseFrom(byte[],com.google.protobuf.ExtensionRegistryLite)
    public static com.boskokg.flutter_blue_plus.Protos$ScanResult parseFrom(java.io.InputStream)
    public static com.boskokg.flutter_blue_plus.Protos$ScanResult parseFrom(java.io.InputStream,com.google.protobuf.ExtensionRegistryLite)
    public static com.boskokg.flutter_blue_plus.Protos$ScanResult parseDelimitedFrom(java.io.InputStream)
com.google.common.graph.ElementOrder$Type
com.google.android.gms.tasks.zzab
com.google.common.hash.BloomFilterStrategies$2
androidx.core.os.ProcessCompat$Api17Impl
androidx.media.MediaBrowserServiceCompatApi23$MediaBrowserServiceAdaptor
kotlinx.coroutines.flow.CancellableFlowImpl$collect$$inlined$collect$1
kotlin.collections.ArraysKt___ArraysKt$asIterable$$inlined$Iterable$7
com.google.common.base.CharMatcher$And
com.google.rpc.context.AttributeContext$Auth
org.checkerframework.common.subtyping.qual.Unqualified
okhttp3.internal.io.RealConnection:
    boolean isConnected()
    public void cancel()
    public boolean isMultiplexed()
    public okhttp3.Protocol protocol()
kotlinx.coroutines.channels.ChannelsKt__DeprecatedKt$distinct$1
kotlin.sequences.SequencesKt__SequencesKt$ifEmpty$1
com.google.android.gms.common.AccountPicker
com.google.type.Fraction$1
kotlin.ranges.ClosedDoubleRange
kotlin.sequences.USequencesKt___USequencesKt
io.perfmark.StringFunction
androidx.viewpager.widget.ViewPager$LayoutParams
com.boskokg.flutter_blue_plus.Protos$SetNotificationResponseOrBuilder
javax.annotation.ParametersAreNonnullByDefault
org.checkerframework.checker.interning.qual.UsesObjectEquals
kotlinx.coroutines.AwaitAll$DisposeHandlersOnCancel
com.google.common.annotations.Beta
io.flutter.app.FlutterActivity